<?xml version="1.0" encoding="UTF-8"?>
<testsuite name="tests.bytebuffer.ByteBufferArrayTests" tests="1" skipped="0" failures="0" errors="0" timestamp="2022-06-29T22:32:46" hostname="Hrishikeshs-MacBook-Pro.local" time="0.017">
  <properties/>
  <testcase name="ByteBufferWriteArrayReadByteTest()" classname="tests.bytebuffer.ByteBufferArrayTests" time="0.017"/>
  <system-out><![CDATA[]]></system-out>
  <system-err><![CDATA[]]></system-err>
</testsuite>
