<?xml version="1.0" encoding="UTF-8"?>
<testsuite name="tests.bytebuffer.ByteBufferTest" tests="3" skipped="0" failures="0" errors="0" timestamp="2022-04-17T18:18:24" hostname="Hrishikeshs-MacBook-Pro.local" time="0.018">
  <properties/>
  <testcase name="ByteBufferSimpleTest()" classname="tests.bytebuffer.ByteBufferTest" time="0.015"/>
  <testcase name="EnsureWritableTest2()" classname="tests.bytebuffer.ByteBufferTest" time="0.0"/>
  <testcase name="EnsureWritableTest()" classname="tests.bytebuffer.ByteBufferTest" time="0.001"/>
  <system-out><![CDATA[]]></system-out>
  <system-err><![CDATA[]]></system-err>
</testsuite>
