<?xml version="1.0" encoding="UTF-8"?>
<testsuite name="tests.bytebuffer.ByteBufferTest" tests="1" skipped="0" failures="0" errors="0" timestamp="2022-08-22T04:10:16" hostname="Hrishikeshs-MacBook-Pro.local" time="0.018">
  <properties/>
  <testcase name="test128()" classname="tests.bytebuffer.ByteBufferTest" time="0.018"/>
  <system-out><![CDATA[[0, 0, 0, -128, 0, 0, 0, 0, 0, 0]
]]></system-out>
  <system-err><![CDATA[]]></system-err>
</testsuite>
