<?xml version="1.0" encoding="UTF-8"?>
<testsuite name="tests.bytebuffer.ByteBufferArrayTests" tests="6" skipped="0" failures="0" errors="0" timestamp="2023-01-02T00:49:56" hostname="Hrishikeshs-MacBook-Pro.local" time="0.022">
  <properties/>
  <testcase name="ByteBufferReadWriteTest1()" classname="tests.bytebuffer.ByteBufferArrayTests" time="0.016"/>
  <testcase name="ByteBufferReadWriteTest2()" classname="tests.bytebuffer.ByteBufferArrayTests" time="0.001"/>
  <testcase name="ByteBufferReadWriteTest3()" classname="tests.bytebuffer.ByteBufferArrayTests" time="0.001"/>
  <testcase name="ReadWriteByteArray()" classname="tests.bytebuffer.ByteBufferArrayTests" time="0.001"/>
  <testcase name="ByteBufferWriteArrayReadByteTest()" classname="tests.bytebuffer.ByteBufferArrayTests" time="0.0"/>
  <testcase name="ByteBufferWriteByteReadArrayTest()" classname="tests.bytebuffer.ByteBufferArrayTests" time="0.0"/>
  <system-out><![CDATA[]]></system-out>
  <system-err><![CDATA[]]></system-err>
</testsuite>
